app/build/intermediates/manifest_merge_blame_file/debug/manifest-merger-blame-debug-report.txt
1<?xml version="1.0" encoding="utf-8"?>
2<manifest xmlns:android="http://schemas.android.com/apk/res/android"
3    package="com.webfills.schoolapp"
4    android:versionCode="1"
5    android:versionName="1.0" >
6
7    <uses-sdk
8        android:minSdkVersion="16"
8-->src/main/AndroidManifest.xml
9        android:targetSdkVersion="29" />
9-->src/main/AndroidManifest.xml
10
11    <uses-permission android:name="android.permission.READ_EXTERNAL_STORAGE" />
11-->src/main/AndroidManifest.xml:6:5-80
11-->src/main/AndroidManifest.xml:6:22-77
12    <uses-permission android:name="android.permission.WRITE_EXTERNAL_STORAGE" />
12-->src/main/AndroidManifest.xml:7:5-81
12-->src/main/AndroidManifest.xml:7:22-78
13    <uses-permission android:name="android.permission.CAMERA" />
13-->[com.github.nguyenhoanglam:ImagePicker:1.3.3] AndroidManifest.xml:12:5-65
13-->[com.github.nguyenhoanglam:ImagePicker:1.3.3] AndroidManifest.xml:12:22-62
14    <uses-permission android:name="android.permission.WAKE_LOCK" /> <!-- Although the *SdkVersion is captured in gradle build files, this is required for non gradle builds -->
14-->[com.github.nguyenhoanglam:ImagePicker:1.3.3] AndroidManifest.xml:13:5-68
14-->[com.github.nguyenhoanglam:ImagePicker:1.3.3] AndroidManifest.xml:13:22-65
15    <!-- <uses-sdk android:minSdkVersion="14"/> -->
16    <uses-permission android:name="android.permission.ACCESS_NETWORK_STATE" />
16-->[com.google.firebase:firebase-database:19.2.1] AndroidManifest.xml:25:5-79
16-->[com.google.firebase:firebase-database:19.2.1] AndroidManifest.xml:25:22-76
17    <uses-permission android:name="android.permission.INTERNET" /> <!-- Required by older versions of Google Play services to create IID tokens -->
17-->[com.google.firebase:firebase-database:19.2.1] AndroidManifest.xml:26:5-67
17-->[com.google.firebase:firebase-database:19.2.1] AndroidManifest.xml:26:22-64
18    <uses-permission android:name="com.google.android.c2dm.permission.RECEIVE" />
18-->[com.google.firebase:firebase-iid:20.0.2] AndroidManifest.xml:26:5-82
18-->[com.google.firebase:firebase-iid:20.0.2] AndroidManifest.xml:26:22-79
19    <uses-permission android:name="com.google.android.finsky.permission.BIND_GET_INSTALL_REFERRER_SERVICE" />
19-->[com.google.android.gms:play-services-measurement:17.2.3] AndroidManifest.xml:26:5-110
19-->[com.google.android.gms:play-services-measurement:17.2.3] AndroidManifest.xml:26:22-107
20
21    <application
21-->src/main/AndroidManifest.xml:9:5-69:19
22        android:allowBackup="true"
22-->src/main/AndroidManifest.xml:10:9-35
23        android:appComponentFactory="androidx.core.app.CoreComponentFactory"
23-->[androidx.core:core:1.1.0] AndroidManifest.xml:24:18-86
24        android:debuggable="true"
25        android:icon="@mipmap/ic_launcher"
25-->src/main/AndroidManifest.xml:11:9-43
26        android:label="@string/app_name"
26-->src/main/AndroidManifest.xml:12:9-41
27        android:roundIcon="@mipmap/ic_launcher_round"
27-->src/main/AndroidManifest.xml:13:9-54
28        android:supportsRtl="true"
28-->src/main/AndroidManifest.xml:14:9-35
29        android:theme="@style/AppTheme" >
29-->src/main/AndroidManifest.xml:15:9-40
30        <activity android:name="com.webfills.schoolapp.activity.ImageActivity" />
30-->src/main/AndroidManifest.xml:17:9-59
30-->src/main/AndroidManifest.xml:17:19-57
31        <activity android:name="com.webfills.schoolapp.activity.CreateNoticeActivity" />
31-->src/main/AndroidManifest.xml:18:9-67
31-->src/main/AndroidManifest.xml:18:19-64
32        <activity android:name="com.webfills.schoolapp.activity.CreateUserActivity" />
32-->src/main/AndroidManifest.xml:19:9-65
32-->src/main/AndroidManifest.xml:19:19-62
33        <activity
33-->src/main/AndroidManifest.xml:20:9-23:59
34            android:name="com.webfills.schoolapp.activity.MainActivity"
34-->src/main/AndroidManifest.xml:21:13-50
35            android:label="@string/app_name"
35-->src/main/AndroidManifest.xml:22:13-45
36            android:theme="@style/AppTheme.NoActionBar" />
36-->src/main/AndroidManifest.xml:23:13-56
37        <activity
37-->src/main/AndroidManifest.xml:24:9-33:20
38            android:name="com.webfills.schoolapp.activity.LoginActivity"
38-->src/main/AndroidManifest.xml:25:13-51
39            android:theme="@style/AppTheme.NoActionBar"
39-->src/main/AndroidManifest.xml:26:13-56
40            android:windowSoftInputMode="adjustResize" >
40-->src/main/AndroidManifest.xml:27:13-55
41            <intent-filter>
41-->src/main/AndroidManifest.xml:28:13-32:29
42                <action android:name="android.intent.action.MAIN" />
42-->src/main/AndroidManifest.xml:29:17-69
42-->src/main/AndroidManifest.xml:29:25-66
43
44                <category android:name="android.intent.category.LAUNCHER" />
44-->src/main/AndroidManifest.xml:31:17-77
44-->src/main/AndroidManifest.xml:31:27-74
45            </intent-filter>
46        </activity>
47        <activity
47-->src/main/AndroidManifest.xml:34:9-36:58
48            android:name="com.webfills.schoolapp.activity.AttendanceActivity"
48-->src/main/AndroidManifest.xml:35:13-56
49            android:windowSoftInputMode="adjustResize" />
49-->src/main/AndroidManifest.xml:36:13-55
50        <activity
50-->src/main/AndroidManifest.xml:37:9-39:58
51            android:name="com.webfills.schoolapp.activity.NoticeActivity"
51-->src/main/AndroidManifest.xml:38:13-52
52            android:windowSoftInputMode="adjustResize" />
52-->src/main/AndroidManifest.xml:39:13-55
53        <activity
53-->src/main/AndroidManifest.xml:40:9-42:58
54            android:name="com.webfills.schoolapp.activity.StudentListActivity"
54-->src/main/AndroidManifest.xml:41:13-57
55            android:windowSoftInputMode="adjustResize" />
55-->src/main/AndroidManifest.xml:42:13-55
56        <activity
56-->src/main/AndroidManifest.xml:43:9-45:58
57            android:name="com.webfills.schoolapp.activity.AssignmentActivity"
57-->src/main/AndroidManifest.xml:44:13-56
58            android:windowSoftInputMode="adjustResize" />
58-->src/main/AndroidManifest.xml:45:13-55
59        <activity
59-->src/main/AndroidManifest.xml:46:9-48:58
60            android:name="com.webfills.schoolapp.activity.MediaActivity"
60-->src/main/AndroidManifest.xml:47:13-51
61            android:windowSoftInputMode="adjustResize" />
61-->src/main/AndroidManifest.xml:48:13-55
62        <activity
62-->src/main/AndroidManifest.xml:49:9-51:58
63            android:name="com.webfills.schoolapp.activity.SchoolActivity"
63-->src/main/AndroidManifest.xml:50:13-52
64            android:windowSoftInputMode="adjustResize" />
64-->src/main/AndroidManifest.xml:51:13-55
65        <activity
65-->src/main/AndroidManifest.xml:52:9-54:58
66            android:name="com.webfills.schoolapp.activity.EventsActivity"
66-->src/main/AndroidManifest.xml:53:13-52
67            android:windowSoftInputMode="adjustResize" />
67-->src/main/AndroidManifest.xml:54:13-55
68        <activity
68-->src/main/AndroidManifest.xml:55:9-57:58
69            android:name="com.webfills.schoolapp.activity.SyllabusActivity"
69-->src/main/AndroidManifest.xml:56:13-54
70            android:windowSoftInputMode="adjustResize" />
70-->src/main/AndroidManifest.xml:57:13-55
71        <activity
71-->src/main/AndroidManifest.xml:58:9-60:58
72            android:name="com.webfills.schoolapp.activity.HomeworkActivity"
72-->src/main/AndroidManifest.xml:59:13-54
73            android:windowSoftInputMode="adjustResize" />
73-->src/main/AndroidManifest.xml:60:13-55
74        <activity
74-->src/main/AndroidManifest.xml:61:9-63:58
75            android:name="com.webfills.schoolapp.activity.ResultActivity"
75-->src/main/AndroidManifest.xml:62:13-52
76            android:windowSoftInputMode="adjustResize" />
76-->src/main/AndroidManifest.xml:63:13-55
77        <activity
77-->src/main/AndroidManifest.xml:64:9-66:58
78            android:name="com.webfills.schoolapp.activity.ExamRoutineActivity"
78-->src/main/AndroidManifest.xml:65:13-57
79            android:windowSoftInputMode="adjustResize" />
79-->src/main/AndroidManifest.xml:66:13-55
80        <activity android:name="com.webfills.schoolapp.activity.HolidaysActivity" />
80-->src/main/AndroidManifest.xml:67:9-63
80-->src/main/AndroidManifest.xml:67:19-60
81        <activity android:name="com.webfills.schoolapp.activity.StudentDetailsActivity" />
81-->src/main/AndroidManifest.xml:68:9-69
81-->src/main/AndroidManifest.xml:68:19-66
82        <activity
82-->[com.github.nguyenhoanglam:ImagePicker:1.3.3] AndroidManifest.xml:16:9-19:67
83            android:name="com.nguyenhoanglam.imagepicker.ui.imagepicker.ImagePickerActivity"
83-->[com.github.nguyenhoanglam:ImagePicker:1.3.3] AndroidManifest.xml:17:13-93
84            android:configChanges="orientation|screenSize"
84-->[com.github.nguyenhoanglam:ImagePicker:1.3.3] AndroidManifest.xml:18:13-59
85            android:theme="@style/imagepicker_ImagePickerTheme" />
85-->[com.github.nguyenhoanglam:ImagePicker:1.3.3] AndroidManifest.xml:19:13-64
86        <activity
86-->[com.github.nguyenhoanglam:ImagePicker:1.3.3] AndroidManifest.xml:20:9-23:62
87            android:name="com.nguyenhoanglam.imagepicker.ui.camera.CameraActivty"
87-->[com.github.nguyenhoanglam:ImagePicker:1.3.3] AndroidManifest.xml:21:13-82
88            android:screenOrientation="portrait"
88-->[com.github.nguyenhoanglam:ImagePicker:1.3.3] AndroidManifest.xml:22:13-49
89            android:theme="@style/imagepicker_CameraTheme" />
89-->[com.github.nguyenhoanglam:ImagePicker:1.3.3] AndroidManifest.xml:23:13-59
90
91        <provider
91-->[com.github.nguyenhoanglam:ImagePicker:1.3.3] AndroidManifest.xml:25:9-33:20
92            android:name="androidx.core.content.FileProvider"
92-->[com.github.nguyenhoanglam:ImagePicker:1.3.3] AndroidManifest.xml:26:13-62
93            android:authorities="com.webfills.schoolapp.fileprovider"
93-->[com.github.nguyenhoanglam:ImagePicker:1.3.3] AndroidManifest.xml:27:13-64
94            android:exported="false"
94-->[com.github.nguyenhoanglam:ImagePicker:1.3.3] AndroidManifest.xml:28:13-37
95            android:grantUriPermissions="true" >
95-->[com.github.nguyenhoanglam:ImagePicker:1.3.3] AndroidManifest.xml:29:13-47
96            <meta-data
96-->[com.github.nguyenhoanglam:ImagePicker:1.3.3] AndroidManifest.xml:30:13-32:66
97                android:name="android.support.FILE_PROVIDER_PATHS"
97-->[com.github.nguyenhoanglam:ImagePicker:1.3.3] AndroidManifest.xml:31:17-67
98                android:resource="@xml/imagepicker_file_paths" />
98-->[com.github.nguyenhoanglam:ImagePicker:1.3.3] AndroidManifest.xml:32:17-63
99        </provider>
100
101        <service
101-->[com.google.firebase:firebase-database:19.2.1] AndroidManifest.xml:29:9-35:19
102            android:name="com.google.firebase.components.ComponentDiscoveryService"
102-->[com.google.firebase:firebase-database:19.2.1] AndroidManifest.xml:30:13-84
103            android:directBootAware="true"
103-->[com.google.firebase:firebase-common:19.3.0] AndroidManifest.xml:34:13-43
104            android:exported="false" >
104-->[com.google.firebase:firebase-database:19.2.1] AndroidManifest.xml:31:13-37
105            <meta-data
105-->[com.google.firebase:firebase-database:19.2.1] AndroidManifest.xml:32:13-34:85
106                android:name="com.google.firebase.components:com.google.firebase.database.DatabaseRegistrar"
106-->[com.google.firebase:firebase-database:19.2.1] AndroidManifest.xml:33:17-109
107                android:value="com.google.firebase.components.ComponentRegistrar" />
107-->[com.google.firebase:firebase-database:19.2.1] AndroidManifest.xml:34:17-82
108            <meta-data
108-->[com.google.firebase:firebase-storage:19.1.1] AndroidManifest.xml:33:13-35:85
109                android:name="com.google.firebase.components:com.google.firebase.storage.StorageRegistrar"
109-->[com.google.firebase:firebase-storage:19.1.1] AndroidManifest.xml:34:17-107
110                android:value="com.google.firebase.components.ComponentRegistrar" />
110-->[com.google.firebase:firebase-storage:19.1.1] AndroidManifest.xml:35:17-82
111            <meta-data
111-->[com.google.android.gms:play-services-measurement-api:17.2.3] AndroidManifest.xml:30:13-32:85
112                android:name="com.google.firebase.components:com.google.firebase.analytics.connector.internal.AnalyticsConnectorRegistrar"
112-->[com.google.android.gms:play-services-measurement-api:17.2.3] AndroidManifest.xml:31:17-139
113                android:value="com.google.firebase.components.ComponentRegistrar" />
113-->[com.google.android.gms:play-services-measurement-api:17.2.3] AndroidManifest.xml:32:17-82
114            <meta-data
114-->[com.google.firebase:firebase-iid:20.0.2] AndroidManifest.xml:32:13-34:85
115                android:name="com.google.firebase.components:com.google.firebase.iid.Registrar"
115-->[com.google.firebase:firebase-iid:20.0.2] AndroidManifest.xml:33:17-96
116                android:value="com.google.firebase.components.ComponentRegistrar" />
116-->[com.google.firebase:firebase-iid:20.0.2] AndroidManifest.xml:34:17-82
117        </service>
118
119        <provider
119-->[com.squareup.picasso:picasso:2.71828] AndroidManifest.xml:8:9-11:40
120            android:name="com.squareup.picasso.PicassoProvider"
120-->[com.squareup.picasso:picasso:2.71828] AndroidManifest.xml:9:13-64
121            android:authorities="com.webfills.schoolapp.com.squareup.picasso"
121-->[com.squareup.picasso:picasso:2.71828] AndroidManifest.xml:10:13-72
122            android:exported="false" />
122-->[com.squareup.picasso:picasso:2.71828] AndroidManifest.xml:11:13-37
123
124        <receiver
124-->[com.google.firebase:firebase-iid:20.0.2] AndroidManifest.xml:37:9-44:20
125            android:name="com.google.firebase.iid.FirebaseInstanceIdReceiver"
125-->[com.google.firebase:firebase-iid:20.0.2] AndroidManifest.xml:38:13-78
126            android:exported="true"
126-->[com.google.firebase:firebase-iid:20.0.2] AndroidManifest.xml:39:13-36
127            android:permission="com.google.android.c2dm.permission.SEND" >
127-->[com.google.firebase:firebase-iid:20.0.2] AndroidManifest.xml:40:13-73
128            <intent-filter>
128-->[com.google.firebase:firebase-iid:20.0.2] AndroidManifest.xml:41:13-43:29
129                <action android:name="com.google.android.c2dm.intent.RECEIVE" />
129-->[com.google.firebase:firebase-iid:20.0.2] AndroidManifest.xml:42:17-81
129-->[com.google.firebase:firebase-iid:20.0.2] AndroidManifest.xml:42:25-78
130            </intent-filter>
131        </receiver>
132
133        <activity
133-->[com.google.android.gms:play-services-base:17.0.0] AndroidManifest.xml:23:9-26:75
134            android:name="com.google.android.gms.common.api.GoogleApiActivity"
134-->[com.google.android.gms:play-services-base:17.0.0] AndroidManifest.xml:24:13-79
135            android:exported="false"
135-->[com.google.android.gms:play-services-base:17.0.0] AndroidManifest.xml:25:13-37
136            android:theme="@android:style/Theme.Translucent.NoTitleBar" />
136-->[com.google.android.gms:play-services-base:17.0.0] AndroidManifest.xml:26:13-72
137
138        <receiver
138-->[com.google.android.gms:play-services-measurement:17.2.3] AndroidManifest.xml:29:9-33:20
139            android:name="com.google.android.gms.measurement.AppMeasurementReceiver"
139-->[com.google.android.gms:play-services-measurement:17.2.3] AndroidManifest.xml:30:13-85
140            android:enabled="true"
140-->[com.google.android.gms:play-services-measurement:17.2.3] AndroidManifest.xml:31:13-35
141            android:exported="false" >
141-->[com.google.android.gms:play-services-measurement:17.2.3] AndroidManifest.xml:32:13-37
142        </receiver>
143        <receiver
143-->[com.google.android.gms:play-services-measurement:17.2.3] AndroidManifest.xml:34:9-42:20
144            android:name="com.google.android.gms.measurement.AppMeasurementInstallReferrerReceiver"
144-->[com.google.android.gms:play-services-measurement:17.2.3] AndroidManifest.xml:35:13-100
145            android:enabled="true"
145-->[com.google.android.gms:play-services-measurement:17.2.3] AndroidManifest.xml:36:13-35
146            android:exported="true"
146-->[com.google.android.gms:play-services-measurement:17.2.3] AndroidManifest.xml:37:13-36
147            android:permission="android.permission.INSTALL_PACKAGES" >
147-->[com.google.android.gms:play-services-measurement:17.2.3] AndroidManifest.xml:38:13-69
148            <intent-filter>
148-->[com.google.android.gms:play-services-measurement:17.2.3] AndroidManifest.xml:39:13-41:29
149                <action android:name="com.android.vending.INSTALL_REFERRER" />
149-->[com.google.android.gms:play-services-measurement:17.2.3] AndroidManifest.xml:40:17-79
149-->[com.google.android.gms:play-services-measurement:17.2.3] AndroidManifest.xml:40:25-76
150            </intent-filter>
151        </receiver>
152
153        <service
153-->[com.google.android.gms:play-services-measurement:17.2.3] AndroidManifest.xml:44:9-47:40
154            android:name="com.google.android.gms.measurement.AppMeasurementService"
154-->[com.google.android.gms:play-services-measurement:17.2.3] AndroidManifest.xml:45:13-84
155            android:enabled="true"
155-->[com.google.android.gms:play-services-measurement:17.2.3] AndroidManifest.xml:46:13-35
156            android:exported="false" />
156-->[com.google.android.gms:play-services-measurement:17.2.3] AndroidManifest.xml:47:13-37
157        <service
157-->[com.google.android.gms:play-services-measurement:17.2.3] AndroidManifest.xml:48:9-52:72
158            android:name="com.google.android.gms.measurement.AppMeasurementJobService"
158-->[com.google.android.gms:play-services-measurement:17.2.3] AndroidManifest.xml:49:13-87
159            android:enabled="true"
159-->[com.google.android.gms:play-services-measurement:17.2.3] AndroidManifest.xml:50:13-35
160            android:exported="false"
160-->[com.google.android.gms:play-services-measurement:17.2.3] AndroidManifest.xml:51:13-37
161            android:permission="android.permission.BIND_JOB_SERVICE" />
161-->[com.google.android.gms:play-services-measurement:17.2.3] AndroidManifest.xml:52:13-69
162
163        <provider
163-->[com.google.firebase:firebase-common:19.3.0] AndroidManifest.xml:26:9-30:39
164            android:name="com.google.firebase.provider.FirebaseInitProvider"
164-->[com.google.firebase:firebase-common:19.3.0] AndroidManifest.xml:27:13-77
165            android:authorities="com.webfills.schoolapp.firebaseinitprovider"
165-->[com.google.firebase:firebase-common:19.3.0] AndroidManifest.xml:28:13-72
166            android:exported="false"
166-->[com.google.firebase:firebase-common:19.3.0] AndroidManifest.xml:29:13-37
167            android:initOrder="100" />
167-->[com.google.firebase:firebase-common:19.3.0] AndroidManifest.xml:30:13-36
168
169        <meta-data
169-->[com.google.android.gms:play-services-basement:17.0.0] AndroidManifest.xml:23:9-25:69
170            android:name="com.google.android.gms.version"
170-->[com.google.android.gms:play-services-basement:17.0.0] AndroidManifest.xml:24:13-58
171            android:value="@integer/google_play_services_version" />
171-->[com.google.android.gms:play-services-basement:17.0.0] AndroidManifest.xml:25:13-66
172    </application>
173
174</manifest>